# JRE version: OpenJDK Runtime Environment Temurin-21.0.5+11 (21.0.5+11) (build 21.0.5+11-LTS)
# Java VM: OpenJDK 64-Bit Server VM Temurin-21.0.5+11 (21.0.5+11-LTS, mixed mode, sharing, tiered, compressed oops, compressed class ptrs, g1 gc, windows-amd64)
GC Precious Log:
 CardTable entry size: 512
 Card Set container configuration: InlinePtr #cards 4 size 8 Array Of Cards #cards 16 size 48 Howl #buckets 8 coarsen threshold 3686 Howl Bitmap #cards 512 size 80 coarsen threshold 460 Card regions per heap region 1 cards per card region 4096
 CPUs: 12 total, 12 available
 Memory: 16055M
 Large Page Support: Disabled
 NUMA Support: Disabled
 Compressed Oops: Enabled (Zero based)
 Heap Region Size: 2M
 Heap Min Capacity: 8M
 Heap Initial Capacity: 252M
 Heap Max Capacity: 3G
 Pre-touch: Disabled
 Parallel Workers: 10
 Concurrent Workers: 3
 Concurrent Refinement Workers: 10
 Periodic GC: Disabled
Heap:
 garbage-first heap   total 331776K, used 180224K [0x0000000740000000, 0x0000000800000000)
  region size 2048K, 9 young (18432K), 9 survivors (18432K)
 Metaspace       used 73874K, committed 75968K, reserved 1114112K
  class space    used 10292K, committed 11328K, reserved 1048576K
GC Heap History (20 events):
Event: 4.892 GC heap after
{Heap after GC invocations=9 (full 0):
 garbage-first heap   total 100352K, used 36439K [0x0000000740000000, 0x0000000800000000)
  region size 2048K, 4 young (8192K), 4 survivors (8192K)
 Metaspace       used 40925K, committed 42304K, reserved 1114112K
  class space    used 5819K, committed 6528K, reserved 1048576K
}
Event: 5.435 GC heap before
{Heap before GC invocations=9 (full 0):
 garbage-first heap   total 100352K, used 83543K [0x0000000740000000, 0x0000000800000000)
  region size 2048K, 27 young (55296K), 4 survivors (8192K)
 Metaspace       used 46574K, committed 48128K, reserved 1114112K
  class space    used 6529K, committed 7296K, reserved 1048576K
}
Event: 5.441 GC heap after
{Heap after GC invocations=10 (full 0):
 garbage-first heap   total 100352K, used 40898K [0x0000000740000000, 0x0000000800000000)
  region size 2048K, 3 young (6144K), 3 survivors (6144K)
 Metaspace       used 46574K, committed 48128K, reserved 1114112K
  class space    used 6529K, committed 7296K, reserved 1048576K
}
Event: 6.577 GC heap before
{Heap before GC invocations=10 (full 0):
 garbage-first heap   total 100352K, used 81858K [0x0000000740000000, 0x0000000800000000)
  region size 2048K, 24 young (49152K), 3 survivors (6144K)
 Metaspace       used 53069K, committed 54720K, reserved 1114112K
  class space    used 7510K, committed 8320K, reserved 1048576K
}
Event: 6.582 GC heap after
{Heap after GC invocations=11 (full 0):
 garbage-first heap   total 120832K, used 43228K [0x0000000740000000, 0x0000000800000000)
  region size 2048K, 2 young (4096K), 2 survivors (4096K)
 Metaspace       used 53069K, committed 54720K, reserved 1114112K
  class space    used 7510K, committed 8320K, reserved 1048576K
}
Event: 10.327 GC heap before
{Heap before GC invocations=11 (full 0):
 garbage-first heap   total 120832K, used 84188K [0x0000000740000000, 0x0000000800000000)
  region size 2048K, 24 young (49152K), 2 survivors (4096K)
 Metaspace       used 58860K, committed 60608K, reserved 1114112K
  class space    used 8077K, committed 8960K, reserved 1048576K
}
Event: 10.333 GC heap after
{Heap after GC invocations=12 (full 0):
 garbage-first heap   total 120832K, used 45937K [0x0000000740000000, 0x0000000800000000)
  region size 2048K, 3 young (6144K), 3 survivors (6144K)
 Metaspace       used 58860K, committed 60608K, reserved 1114112K
  class space    used 8077K, committed 8960K, reserved 1048576K
}
Event: 11.253 GC heap before
{Heap before GC invocations=13 (full 0):
 garbage-first heap   total 120832K, used 103281K [0x0000000740000000, 0x0000000800000000)
  region size 2048K, 31 young (63488K), 3 survivors (6144K)
 Metaspace       used 64027K, committed 65920K, reserved 1114112K
  class space    used 8880K, committed 9792K, reserved 1048576K
}
Event: 11.258 GC heap after
{Heap after GC invocations=14 (full 0):
 garbage-first heap   total 120832K, used 51709K [0x0000000740000000, 0x0000000800000000)
  region size 2048K, 4 young (8192K), 4 survivors (8192K)
 Metaspace       used 64027K, committed 65920K, reserved 1114112K
  class space    used 8880K, committed 9792K, reserved 1048576K
}
Event: 11.680 GC heap before
{Heap before GC invocations=14 (full 0):
 garbage-first heap   total 120832K, used 102909K [0x0000000740000000, 0x0000000800000000)
  region size 2048K, 29 young (59392K), 4 survivors (8192K)
 Metaspace       used 65223K, committed 67136K, reserved 1114112K
  class space    used 9067K, committed 9984K, reserved 1048576K
}
Event: 11.686 GC heap after
{Heap after GC invocations=15 (full 0):
 garbage-first heap   total 120832K, used 56958K [0x0000000740000000, 0x0000000800000000)
  region size 2048K, 4 young (8192K), 4 survivors (8192K)
 Metaspace       used 65223K, committed 67136K, reserved 1114112K
  class space    used 9067K, committed 9984K, reserved 1048576K
}
Event: 11.997 GC heap before
{Heap before GC invocations=15 (full 0):
 garbage-first heap   total 120832K, used 91774K [0x0000000740000000, 0x0000000800000000)
  region size 2048K, 22 young (45056K), 4 survivors (8192K)
 Metaspace       used 67120K, committed 69120K, reserved 1114112K
  class space    used 9354K, committed 10304K, reserved 1048576K
}
Event: 12.001 GC heap after
{Heap after GC invocations=16 (full 0):
 garbage-first heap   total 120832K, used 60611K [0x0000000740000000, 0x0000000800000000)
  region size 2048K, 2 young (4096K), 2 survivors (4096K)
 Metaspace       used 67120K, committed 69120K, reserved 1114112K
  class space    used 9354K, committed 10304K, reserved 1048576K
}
Event: 13.059 GC heap before
{Heap before GC invocations=17 (full 0):
 garbage-first heap   total 210944K, used 208067K [0x0000000740000000, 0x0000000800000000)
  region size 2048K, 21 young (43008K), 2 survivors (4096K)
 Metaspace       used 69785K, committed 71808K, reserved 1114112K
  class space    used 9674K, committed 10688K, reserved 1048576K
}
Event: 13.068 GC heap after
{Heap after GC invocations=18 (full 0):
 garbage-first heap   total 219136K, used 64367K [0x0000000740000000, 0x0000000800000000)
  region size 2048K, 3 young (6144K), 3 survivors (6144K)
 Metaspace       used 69785K, committed 71808K, reserved 1114112K
  class space    used 9674K, committed 10688K, reserved 1048576K
}
Event: 19.852 GC heap before
{Heap before GC invocations=18 (full 0):
 garbage-first heap   total 245760K, used 244591K [0x0000000740000000, 0x0000000800000000)
  region size 2048K, 42 young (86016K), 3 survivors (6144K)
 Metaspace       used 73742K, committed 75840K, reserved 1114112K
  class space    used 10282K, committed 11328K, reserved 1048576K
}
Event: 19.864 GC heap after
{Heap after GC invocations=19 (full 0):
 garbage-first heap   total 262144K, used 71913K [0x0000000740000000, 0x0000000800000000)
  region size 2048K, 7 young (14336K), 7 survivors (14336K)
 Metaspace       used 73742K, committed 75840K, reserved 1114112K
  class space    used 10282K, committed 11328K, reserved 1048576K
}
Event: 19.951 GC heap before
{Heap before GC invocations=19 (full 0):
 garbage-first heap   total 262144K, used 125161K [0x0000000740000000, 0x0000000800000000)
  region size 2048K, 19 young (38912K), 7 survivors (14336K)
 Metaspace       used 73796K, committed 75904K, reserved 1114112K
  class space    used 10285K, committed 11328K, reserved 1048576K
}
Event: 19.963 GC heap after
{Heap after GC invocations=20 (full 0):
 garbage-first heap   total 262144K, used 98367K [0x0000000740000000, 0x0000000800000000)
  region size 2048K, 10 young (20480K), 10 survivors (20480K)
 Metaspace       used 73796K, committed 75904K, reserved 1114112K
  class space    used 10285K, committed 11328K, reserved 1048576K
}
Event: 20.057 GC heap before
{Heap before GC invocations=20 (full 0):
 garbage-first heap   total 262144K, used 217151K [0x0000000740000000, 0x0000000800000000)
  region size 2048K, 67 young (137216K), 10 survivors (20480K)
 Metaspace       used 73874K, committed 75968K, reserved 1114112K
  class space    used 10292K, committed 11328K, reserved 1048576K
}

