# JRE version: OpenJDK Runtime Environment Temurin-21.0.5+11 (21.0.5+11) (build 21.0.5+11-LTS)
# Java VM: OpenJDK 64-Bit Server VM Temurin-21.0.5+11 (21.0.5+11-LTS, mixed mode, sharing, tiered, compressed oops, compressed class ptrs, g1 gc, windows-amd64)
GC Precious Log:
 CardTable entry size: 512
 Card Set container configuration: InlinePtr #cards 4 size 8 Array Of Cards #cards 16 size 48 Howl #buckets 8 coarsen threshold 3686 Howl Bitmap #cards 512 size 80 coarsen threshold 460 Card regions per heap region 1 cards per card region 4096
 CPUs: 12 total, 12 available
 Memory: 16055M
 Large Page Support: Disabled
 NUMA Support: Disabled
 Compressed Oops: Enabled (Zero based)
 Heap Region Size: 2M
 Heap Min Capacity: 8M
 Heap Initial Capacity: 252M
 Heap Max Capacity: 3G
 Pre-touch: Disabled
 Parallel Workers: 10
 Concurrent Workers: 3
 Concurrent Refinement Workers: 10
 Periodic GC: Disabled
Heap:
 garbage-first heap   total 239616K, used 232828K [0x0000000740000000, 0x0000000800000000)
  region size 2048K, 40 young (81920K), 2 survivors (4096K)
 Metaspace       used 70401K, committed 72512K, reserved 1114112K
  class space    used 9889K, committed 10944K, reserved 1048576K
GC Heap History (20 events):
Event: 4.090 GC heap before
{Heap before GC invocations=5 (full 0):
 garbage-first heap   total 98304K, used 58388K [0x0000000740000000, 0x0000000800000000)
  region size 2048K, 19 young (38912K), 2 survivors (4096K)
 Metaspace       used 34761K, committed 35968K, reserved 1114112K
  class space    used 4977K, committed 5568K, reserved 1048576K
}
Event: 4.094 GC heap after
{Heap after GC invocations=6 (full 0):
 garbage-first heap   total 98304K, used 29696K [0x0000000740000000, 0x0000000800000000)
  region size 2048K, 4 young (8192K), 4 survivors (8192K)
 Metaspace       used 34761K, committed 35968K, reserved 1114112K
  class space    used 4977K, committed 5568K, reserved 1048576K
}
Event: 4.555 GC heap before
{Heap before GC invocations=7 (full 0):
 garbage-first heap   total 98304K, used 80896K [0x0000000740000000, 0x0000000800000000)
  region size 2048K, 28 young (57344K), 4 survivors (8192K)
 Metaspace       used 38664K, committed 40064K, reserved 1114112K
  class space    used 5451K, committed 6144K, reserved 1048576K
}
Event: 4.559 GC heap after
{Heap after GC invocations=8 (full 0):
 garbage-first heap   total 98304K, used 33314K [0x0000000740000000, 0x0000000800000000)
  region size 2048K, 4 young (8192K), 4 survivors (8192K)
 Metaspace       used 38664K, committed 40064K, reserved 1114112K
  class space    used 5451K, committed 6144K, reserved 1048576K
}
Event: 5.044 GC heap before
{Heap before GC invocations=8 (full 0):
 garbage-first heap   total 98304K, used 82466K [0x0000000740000000, 0x0000000800000000)
  region size 2048K, 28 young (57344K), 4 survivors (8192K)
 Metaspace       used 42731K, committed 44224K, reserved 1114112K
  class space    used 6096K, committed 6848K, reserved 1048576K
}
Event: 5.049 GC heap after
{Heap after GC invocations=9 (full 0):
 garbage-first heap   total 98304K, used 38061K [0x0000000740000000, 0x0000000800000000)
  region size 2048K, 4 young (8192K), 4 survivors (8192K)
 Metaspace       used 42731K, committed 44224K, reserved 1114112K
  class space    used 6096K, committed 6848K, reserved 1048576K
}
Event: 5.552 GC heap before
{Heap before GC invocations=9 (full 0):
 garbage-first heap   total 98304K, used 81069K [0x0000000740000000, 0x0000000800000000)
  region size 2048K, 26 young (53248K), 4 survivors (8192K)
 Metaspace       used 48006K, committed 49728K, reserved 1114112K
  class space    used 6844K, committed 7680K, reserved 1048576K
}
Event: 5.558 GC heap after
{Heap after GC invocations=10 (full 0):
 garbage-first heap   total 98304K, used 40786K [0x0000000740000000, 0x0000000800000000)
  region size 2048K, 2 young (4096K), 2 survivors (4096K)
 Metaspace       used 48006K, committed 49728K, reserved 1114112K
  class space    used 6844K, committed 7680K, reserved 1048576K
}
Event: 6.231 GC heap before
{Heap before GC invocations=10 (full 0):
 garbage-first heap   total 98304K, used 83794K [0x0000000740000000, 0x0000000800000000)
  region size 2048K, 23 young (47104K), 2 survivors (4096K)
 Metaspace       used 54685K, committed 56448K, reserved 1114112K
  class space    used 7630K, committed 8512K, reserved 1048576K
}
Event: 6.236 GC heap after
{Heap after GC invocations=11 (full 0):
 garbage-first heap   total 118784K, used 47341K [0x0000000740000000, 0x0000000800000000)
  region size 2048K, 3 young (6144K), 3 survivors (6144K)
 Metaspace       used 54685K, committed 56448K, reserved 1114112K
  class space    used 7630K, committed 8512K, reserved 1048576K
}
Event: 6.899 GC heap before
{Heap before GC invocations=11 (full 0):
 garbage-first heap   total 118784K, used 76013K [0x0000000740000000, 0x0000000800000000)
  region size 2048K, 19 young (38912K), 3 survivors (6144K)
 Metaspace       used 58338K, committed 60160K, reserved 1114112K
  class space    used 8154K, committed 9088K, reserved 1048576K
}
Event: 6.904 GC heap after
{Heap after GC invocations=12 (full 0):
 garbage-first heap   total 118784K, used 49763K [0x0000000740000000, 0x0000000800000000)
  region size 2048K, 4 young (8192K), 4 survivors (8192K)
 Metaspace       used 58338K, committed 60160K, reserved 1114112K
  class space    used 8154K, committed 9088K, reserved 1048576K
}
Event: 7.323 GC heap before
{Heap before GC invocations=13 (full 0):
 garbage-first heap   total 118784K, used 98915K [0x0000000740000000, 0x0000000800000000)
  region size 2048K, 28 young (57344K), 4 survivors (8192K)
 Metaspace       used 61198K, committed 63168K, reserved 1114112K
  class space    used 8575K, committed 9536K, reserved 1048576K
}
Event: 7.328 GC heap after
{Heap after GC invocations=14 (full 0):
 garbage-first heap   total 118784K, used 54882K [0x0000000740000000, 0x0000000800000000)
  region size 2048K, 4 young (8192K), 4 survivors (8192K)
 Metaspace       used 61198K, committed 63168K, reserved 1114112K
  class space    used 8575K, committed 9536K, reserved 1048576K
}
Event: 7.607 GC heap before
{Heap before GC invocations=14 (full 0):
 garbage-first heap   total 118784K, used 99938K [0x0000000740000000, 0x0000000800000000)
  region size 2048K, 26 young (53248K), 4 survivors (8192K)
 Metaspace       used 62859K, committed 64832K, reserved 1114112K
  class space    used 8833K, committed 9856K, reserved 1048576K
}
Event: 7.614 GC heap after
{Heap after GC invocations=15 (full 0):
 garbage-first heap   total 118784K, used 58435K [0x0000000740000000, 0x0000000800000000)
  region size 2048K, 2 young (4096K), 2 survivors (4096K)
 Metaspace       used 62859K, committed 64832K, reserved 1114112K
  class space    used 8833K, committed 9856K, reserved 1048576K
}
Event: 7.690 GC heap before
{Heap before GC invocations=15 (full 0):
 garbage-first heap   total 118784K, used 64579K [0x0000000740000000, 0x0000000800000000)
  region size 2048K, 6 young (12288K), 2 survivors (4096K)
 Metaspace       used 63523K, committed 65536K, reserved 1114112K
  class space    used 8938K, committed 9920K, reserved 1048576K
}
Event: 7.693 GC heap after
{Heap after GC invocations=16 (full 0):
 garbage-first heap   total 118784K, used 59528K [0x0000000740000000, 0x0000000800000000)
  region size 2048K, 1 young (2048K), 1 survivors (2048K)
 Metaspace       used 63523K, committed 65536K, reserved 1114112K
  class space    used 8938K, committed 9920K, reserved 1048576K
}
Event: 8.512 GC heap before
{Heap before GC invocations=17 (full 0):
 garbage-first heap   total 208896K, used 206984K [0x0000000740000000, 0x0000000800000000)
  region size 2048K, 20 young (40960K), 1 survivors (2048K)
 Metaspace       used 66381K, committed 68416K, reserved 1114112K
  class space    used 9302K, committed 10368K, reserved 1048576K
}
Event: 8.515 GC heap after
{Heap after GC invocations=18 (full 0):
 garbage-first heap   total 212992K, used 62844K [0x0000000740000000, 0x0000000800000000)
  region size 2048K, 2 young (4096K), 2 survivors (4096K)
 Metaspace       used 66381K, committed 68416K, reserved 1114112K
  class space    used 9302K, committed 10368K, reserved 1048576K
}

